<?xml version="1.0" encoding="utf-8"?><testsuites name="pytest tests"><testsuite name="pytest" errors="0" failures="0" skipped="0" tests="6" time="2.769" timestamp="2026-03-15T17:50:06.997894+00:00" hostname="agent-env-04d87442-78e1-4cfe-b600-7b854826f3e6"><testcase classname="backend.tests.test_duplicate_batch_info.TestQuestionByIdEndpoint" name="test_question_by_id_returns_batch_name_and_date" time="0.328" /><testcase classname="backend.tests.test_duplicate_batch_info.TestQuestionByIdEndpoint" name="test_duplicate_question_by_id_has_batch_info" time="0.366" /><testcase classname="backend.tests.test_duplicate_batch_info.TestQuestionByIdEndpoint" name="test_question_not_found_returns_404" time="0.129" /><testcase classname="backend.tests.test_duplicate_batch_info.TestAIDuplicateCheckBatchInfo" name="test_check_duplicates_endpoint_returns_batch_info" time="1.564" /><testcase classname="backend.tests.test_duplicate_batch_info.TestBatchesEndpoint" name="test_batches_have_name_field" time="0.115" /><testcase classname="backend.tests.test_duplicate_batch_info.TestQuestionSearchBatchInfo" name="test_search_returns_batch_info" time="0.150" /></testsuite></testsuites>