<?xml version="1.0" encoding="utf-8"?><testsuites name="pytest tests"><testsuite name="pytest" errors="0" failures="0" skipped="0" tests="6" time="1.467" timestamp="2026-04-19T21:50:38.919544+00:00" hostname="agent-env-d58c5521-6930-4230-bd88-3130f87f4369"><testcase classname="backend.tests.test_youtube_oauth.TestYouTubeOAuthEndpoints" name="test_auth_status_no_token" time="0.349" /><testcase classname="backend.tests.test_youtube_oauth.TestYouTubeOAuthEndpoints" name="test_auth_url_endpoint_exists" time="0.144" /><testcase classname="backend.tests.test_youtube_oauth.TestYouTubeOAuthEndpoints" name="test_auth_url_missing_redirect_uri" time="0.154" /><testcase classname="backend.tests.test_youtube_oauth.TestYouTubeOAuthEndpoints" name="test_callback_endpoint_exists_and_validates" time="0.352" /><testcase classname="backend.tests.test_youtube_oauth.TestYouTubeOAuthEndpoints" name="test_disconnect_returns_success" time="0.221" /><testcase classname="backend.tests.test_youtube_oauth.TestYouTubeOAuthEndpoints" name="test_disconnect_removes_token_and_status_reflects" time="0.189" /></testsuite></testsuites>